# Logfile created on 2014-02-19 20:22:12 +0000 by logger.rb/41954
I, [2014-02-19T20:22:12.861474 #1962]  INFO -- : 0:  RedCloth (4.2.9) from /Users/ebcomley/.rvm/gems/ruby-2.0.0-p353@ebcomley/specifications/RedCloth-4.2.9.gemspec
I, [2014-02-19T20:22:12.862566 #1962]  INFO -- : 0:  blankslate (2.1.2.4) from /Users/ebcomley/.rvm/gems/ruby-2.0.0-p353@ebcomley/specifications/blankslate-2.1.2.4.gemspec
I, [2014-02-19T20:22:12.862885 #1962]  INFO -- : 0:  fast-stemmer (1.0.2) from /Users/ebcomley/.rvm/gems/ruby-2.0.0-p353@ebcomley/specifications/fast-stemmer-1.0.2.gemspec
I, [2014-02-19T20:22:12.863131 #1962]  INFO -- : 0:  classifier (1.3.4) from /Users/ebcomley/.rvm/gems/ruby-2.0.0-p353@ebcomley/specifications/classifier-1.3.4.gemspec
I, [2014-02-19T20:22:12.863373 #1962]  INFO -- : 0:  colorator (0.1) from /Users/ebcomley/.rvm/gems/ruby-2.0.0-p353@ebcomley/specifications/colorator-0.1.gemspec
I, [2014-02-19T20:22:12.863610 #1962]  INFO -- : 0:  highline (1.6.20) from /Users/ebcomley/.rvm/gems/ruby-2.0.0-p353@ebcomley/specifications/highline-1.6.20.gemspec
I, [2014-02-19T20:22:12.863844 #1962]  INFO -- : 0:  commander (4.1.6) from /Users/ebcomley/.rvm/gems/ruby-2.0.0-p353@ebcomley/specifications/commander-4.1.6.gemspec
I, [2014-02-19T20:22:12.864090 #1962]  INFO -- : 0:  ffi (1.9.3) from /Users/ebcomley/.rvm/gems/ruby-2.0.0-p353@ebcomley/specifications/ffi-1.9.3.gemspec
I, [2014-02-19T20:22:12.864322 #1962]  INFO -- : 0:  liquid (2.5.5) from /Users/ebcomley/.rvm/gems/ruby-2.0.0-p353@ebcomley/specifications/liquid-2.5.5.gemspec
I, [2014-02-19T20:22:12.864556 #1962]  INFO -- : 0:  rb-fsevent (0.9.4) from /Users/ebcomley/.rvm/gems/ruby-2.0.0-p353@ebcomley/specifications/rb-fsevent-0.9.4.gemspec
I, [2014-02-19T20:22:12.864793 #1962]  INFO -- : 0:  rb-inotify (0.9.3) from /Users/ebcomley/.rvm/gems/ruby-2.0.0-p353@ebcomley/specifications/rb-inotify-0.9.3.gemspec
I, [2014-02-19T20:22:12.865026 #1962]  INFO -- : 0:  rb-kqueue (0.2.0) from /Users/ebcomley/.rvm/gems/ruby-2.0.0-p353@ebcomley/specifications/rb-kqueue-0.2.0.gemspec
I, [2014-02-19T20:22:12.865258 #1962]  INFO -- : 0:  listen (1.3.1) from /Users/ebcomley/.rvm/gems/ruby-2.0.0-p353@ebcomley/specifications/listen-1.3.1.gemspec
I, [2014-02-19T20:22:12.865487 #1962]  INFO -- : 0:  maruku (0.7.0) from /Users/ebcomley/.rvm/gems/ruby-2.0.0-p353@ebcomley/specifications/maruku-0.7.0.gemspec
I, [2014-02-19T20:22:12.865752 #1962]  INFO -- : 0:  posix-spawn (0.3.8) from /Users/ebcomley/.rvm/gems/ruby-2.0.0-p353@ebcomley/specifications/posix-spawn-0.3.8.gemspec
I, [2014-02-19T20:22:12.865986 #1962]  INFO -- : 0:  yajl-ruby (1.1.0) from /Users/ebcomley/.rvm/gems/ruby-2.0.0-p353@ebcomley/specifications/yajl-ruby-1.1.0.gemspec
I, [2014-02-19T20:22:12.866218 #1962]  INFO -- : 0:  pygments.rb (0.5.4) from /Users/ebcomley/.rvm/gems/ruby-2.0.0-p353@ebcomley/specifications/pygments.rb-0.5.4.gemspec
I, [2014-02-19T20:22:12.866450 #1962]  INFO -- : 0:  redcarpet (2.3.0) from /Users/ebcomley/.rvm/gems/ruby-2.0.0-p353@ebcomley/specifications/redcarpet-2.3.0.gemspec
I, [2014-02-19T20:22:12.866682 #1962]  INFO -- : 0:  safe_yaml (0.9.7) from /Users/ebcomley/.rvm/gems/ruby-2.0.0-p353@ebcomley/specifications/safe_yaml-0.9.7.gemspec
I, [2014-02-19T20:22:12.866911 #1962]  INFO -- : 0:  parslet (1.5.0) from /Users/ebcomley/.rvm/gems/ruby-2.0.0-p353@ebcomley/specifications/parslet-1.5.0.gemspec
I, [2014-02-19T20:22:12.867142 #1962]  INFO -- : 0:  toml (0.1.0) from /Users/ebcomley/.rvm/gems/ruby-2.0.0-p353@ebcomley/specifications/toml-0.1.0.gemspec
I, [2014-02-19T20:22:12.867402 #1962]  INFO -- : 0:  jekyll (1.4.3) from /Users/ebcomley/.rvm/gems/ruby-2.0.0-p353@ebcomley/specifications/jekyll-1.4.3.gemspec
I, [2014-02-19T20:22:12.867632 #1962]  INFO -- : 0:  kramdown (1.3.1) from /Users/ebcomley/.rvm/gems/ruby-2.0.0-p353@ebcomley/specifications/kramdown-1.3.1.gemspec
I, [2014-02-19T20:22:12.867863 #1962]  INFO -- : 0:  rdiscount (2.1.7) from /Users/ebcomley/.rvm/gems/ruby-2.0.0-p353@ebcomley/specifications/rdiscount-2.1.7.gemspec
I, [2014-02-19T20:22:12.868088 #1962]  INFO -- : 0:  github-pages (15) from /Users/ebcomley/.rvm/gems/ruby-2.0.0-p353@ebcomley/specifications/github-pages-15.gemspec
I, [2014-02-19T20:22:12.868330 #1962]  INFO -- : 0:  bundler (1.5.1) from /Users/ebcomley/.rvm/gems/ruby-2.0.0-p353@global/specifications/bundler-1.5.1.gemspec
I, [2014-02-19T20:36:58.599971 #18431]  INFO -- : 0:  RedCloth (4.2.9) from /Users/ebcomley/.rvm/gems/ruby-2.0.0-p353@ebcomley/specifications/RedCloth-4.2.9.gemspec
I, [2014-02-19T20:36:58.601910 #18431]  INFO -- : 0:  blankslate (2.1.2.4) from /Users/ebcomley/.rvm/gems/ruby-2.0.0-p353@ebcomley/specifications/blankslate-2.1.2.4.gemspec
I, [2014-02-19T20:36:58.602311 #18431]  INFO -- : 0:  sass (3.2.14) from /Users/ebcomley/.rvm/gems/ruby-2.0.0-p353@ebcomley/specifications/sass-3.2.14.gemspec
I, [2014-02-19T20:37:00.260969 #18431]  INFO -- : 0:  bootstrap-sass (3.1.1.0) from /Users/ebcomley/.rvm/gems/ruby-2.0.0-p353@ebcomley/specifications/bootstrap-sass-3.1.1.0.gemspec
I, [2014-02-19T20:37:00.261805 #18431]  INFO -- : 0:  fast-stemmer (1.0.2) from /Users/ebcomley/.rvm/gems/ruby-2.0.0-p353@ebcomley/specifications/fast-stemmer-1.0.2.gemspec
I, [2014-02-19T20:37:00.262150 #18431]  INFO -- : 0:  classifier (1.3.4) from /Users/ebcomley/.rvm/gems/ruby-2.0.0-p353@ebcomley/specifications/classifier-1.3.4.gemspec
I, [2014-02-19T20:37:00.262545 #18431]  INFO -- : 0:  colorator (0.1) from /Users/ebcomley/.rvm/gems/ruby-2.0.0-p353@ebcomley/specifications/colorator-0.1.gemspec
I, [2014-02-19T20:37:00.262928 #18431]  INFO -- : 0:  highline (1.6.20) from /Users/ebcomley/.rvm/gems/ruby-2.0.0-p353@ebcomley/specifications/highline-1.6.20.gemspec
I, [2014-02-19T20:37:00.263238 #18431]  INFO -- : 0:  commander (4.1.6) from /Users/ebcomley/.rvm/gems/ruby-2.0.0-p353@ebcomley/specifications/commander-4.1.6.gemspec
I, [2014-02-19T20:37:00.263544 #18431]  INFO -- : 0:  ffi (1.9.3) from /Users/ebcomley/.rvm/gems/ruby-2.0.0-p353@ebcomley/specifications/ffi-1.9.3.gemspec
I, [2014-02-19T20:37:00.263917 #18431]  INFO -- : 0:  liquid (2.5.5) from /Users/ebcomley/.rvm/gems/ruby-2.0.0-p353@ebcomley/specifications/liquid-2.5.5.gemspec
I, [2014-02-19T20:37:00.264279 #18431]  INFO -- : 0:  rb-fsevent (0.9.4) from /Users/ebcomley/.rvm/gems/ruby-2.0.0-p353@ebcomley/specifications/rb-fsevent-0.9.4.gemspec
I, [2014-02-19T20:37:00.264568 #18431]  INFO -- : 0:  rb-inotify (0.9.3) from /Users/ebcomley/.rvm/gems/ruby-2.0.0-p353@ebcomley/specifications/rb-inotify-0.9.3.gemspec
I, [2014-02-19T20:37:00.264868 #18431]  INFO -- : 0:  rb-kqueue (0.2.0) from /Users/ebcomley/.rvm/gems/ruby-2.0.0-p353@ebcomley/specifications/rb-kqueue-0.2.0.gemspec
I, [2014-02-19T20:37:00.265228 #18431]  INFO -- : 0:  listen (1.3.1) from /Users/ebcomley/.rvm/gems/ruby-2.0.0-p353@ebcomley/specifications/listen-1.3.1.gemspec
I, [2014-02-19T20:37:00.265590 #18431]  INFO -- : 0:  maruku (0.7.0) from /Users/ebcomley/.rvm/gems/ruby-2.0.0-p353@ebcomley/specifications/maruku-0.7.0.gemspec
I, [2014-02-19T20:37:00.265887 #18431]  INFO -- : 0:  posix-spawn (0.3.8) from /Users/ebcomley/.rvm/gems/ruby-2.0.0-p353@ebcomley/specifications/posix-spawn-0.3.8.gemspec
I, [2014-02-19T20:37:00.266184 #18431]  INFO -- : 0:  yajl-ruby (1.1.0) from /Users/ebcomley/.rvm/gems/ruby-2.0.0-p353@ebcomley/specifications/yajl-ruby-1.1.0.gemspec
I, [2014-02-19T20:37:00.266545 #18431]  INFO -- : 0:  pygments.rb (0.5.4) from /Users/ebcomley/.rvm/gems/ruby-2.0.0-p353@ebcomley/specifications/pygments.rb-0.5.4.gemspec
I, [2014-02-19T20:37:00.266912 #18431]  INFO -- : 0:  redcarpet (2.3.0) from /Users/ebcomley/.rvm/gems/ruby-2.0.0-p353@ebcomley/specifications/redcarpet-2.3.0.gemspec
I, [2014-02-19T20:37:00.267202 #18431]  INFO -- : 0:  safe_yaml (0.9.7) from /Users/ebcomley/.rvm/gems/ruby-2.0.0-p353@ebcomley/specifications/safe_yaml-0.9.7.gemspec
I, [2014-02-19T20:37:00.267488 #18431]  INFO -- : 0:  parslet (1.5.0) from /Users/ebcomley/.rvm/gems/ruby-2.0.0-p353@ebcomley/specifications/parslet-1.5.0.gemspec
I, [2014-02-19T20:37:00.267770 #18431]  INFO -- : 0:  toml (0.1.0) from /Users/ebcomley/.rvm/gems/ruby-2.0.0-p353@ebcomley/specifications/toml-0.1.0.gemspec
I, [2014-02-19T20:37:00.268057 #18431]  INFO -- : 0:  jekyll (1.4.3) from /Users/ebcomley/.rvm/gems/ruby-2.0.0-p353@ebcomley/specifications/jekyll-1.4.3.gemspec
I, [2014-02-19T20:37:00.268354 #18431]  INFO -- : 0:  kramdown (1.3.1) from /Users/ebcomley/.rvm/gems/ruby-2.0.0-p353@ebcomley/specifications/kramdown-1.3.1.gemspec
I, [2014-02-19T20:37:00.268639 #18431]  INFO -- : 0:  rdiscount (2.1.7) from /Users/ebcomley/.rvm/gems/ruby-2.0.0-p353@ebcomley/specifications/rdiscount-2.1.7.gemspec
I, [2014-02-19T20:37:00.268922 #18431]  INFO -- : 0:  github-pages (15) from /Users/ebcomley/.rvm/gems/ruby-2.0.0-p353@ebcomley/specifications/github-pages-15.gemspec
I, [2014-02-19T20:37:00.269197 #18431]  INFO -- : 0:  bundler (1.5.1) from /Users/ebcomley/.rvm/gems/ruby-2.0.0-p353@global/specifications/bundler-1.5.1.gemspec
I, [2014-02-19T20:42:42.815438 #24814]  INFO -- : 0:  RedCloth (4.2.9) from /Users/ebcomley/.rvm/gems/ruby-2.0.0-p353@ebcomley/specifications/RedCloth-4.2.9.gemspec
I, [2014-02-19T20:42:42.815813 #24814]  INFO -- : 0:  blankslate (2.1.2.4) from /Users/ebcomley/.rvm/gems/ruby-2.0.0-p353@ebcomley/specifications/blankslate-2.1.2.4.gemspec
I, [2014-02-19T20:42:42.816152 #24814]  INFO -- : 0:  sass (3.2.14) from /Users/ebcomley/.rvm/gems/ruby-2.0.0-p353@ebcomley/specifications/sass-3.2.14.gemspec
I, [2014-02-19T20:42:42.816440 #24814]  INFO -- : 0:  bootstrap-sass (3.1.1.0) from /Users/ebcomley/.rvm/gems/ruby-2.0.0-p353@ebcomley/specifications/bootstrap-sass-3.1.1.0.gemspec
I, [2014-02-19T20:42:42.816724 #24814]  INFO -- : 0:  chunky_png (1.3.0) from /Users/ebcomley/.rvm/gems/ruby-2.0.0-p353@ebcomley/specifications/chunky_png-1.3.0.gemspec
I, [2014-02-19T20:42:42.817006 #24814]  INFO -- : 0:  fast-stemmer (1.0.2) from /Users/ebcomley/.rvm/gems/ruby-2.0.0-p353@ebcomley/specifications/fast-stemmer-1.0.2.gemspec
I, [2014-02-19T20:42:42.817287 #24814]  INFO -- : 0:  classifier (1.3.4) from /Users/ebcomley/.rvm/gems/ruby-2.0.0-p353@ebcomley/specifications/classifier-1.3.4.gemspec
I, [2014-02-19T20:42:42.817567 #24814]  INFO -- : 0:  colorator (0.1) from /Users/ebcomley/.rvm/gems/ruby-2.0.0-p353@ebcomley/specifications/colorator-0.1.gemspec
I, [2014-02-19T20:42:42.817844 #24814]  INFO -- : 0:  highline (1.6.20) from /Users/ebcomley/.rvm/gems/ruby-2.0.0-p353@ebcomley/specifications/highline-1.6.20.gemspec
I, [2014-02-19T20:42:42.818122 #24814]  INFO -- : 0:  commander (4.1.6) from /Users/ebcomley/.rvm/gems/ruby-2.0.0-p353@ebcomley/specifications/commander-4.1.6.gemspec
I, [2014-02-19T20:42:42.818429 #24814]  INFO -- : 0:  fssm (0.2.10) from /Users/ebcomley/.rvm/gems/ruby-2.0.0-p353@ebcomley/specifications/fssm-0.2.10.gemspec
I, [2014-02-19T20:42:42.818708 #24814]  INFO -- : 0:  compass (0.12.2) from /Users/ebcomley/.rvm/gems/ruby-2.0.0-p353@ebcomley/specifications/compass-0.12.2.gemspec
I, [2014-02-19T20:42:42.819036 #24814]  INFO -- : 0:  ffi (1.9.3) from /Users/ebcomley/.rvm/gems/ruby-2.0.0-p353@ebcomley/specifications/ffi-1.9.3.gemspec
I, [2014-02-19T20:42:42.819318 #24814]  INFO -- : 0:  liquid (2.5.5) from /Users/ebcomley/.rvm/gems/ruby-2.0.0-p353@ebcomley/specifications/liquid-2.5.5.gemspec
I, [2014-02-19T20:42:42.819596 #24814]  INFO -- : 0:  rb-fsevent (0.9.4) from /Users/ebcomley/.rvm/gems/ruby-2.0.0-p353@ebcomley/specifications/rb-fsevent-0.9.4.gemspec
I, [2014-02-19T20:42:42.819874 #24814]  INFO -- : 0:  rb-inotify (0.9.3) from /Users/ebcomley/.rvm/gems/ruby-2.0.0-p353@ebcomley/specifications/rb-inotify-0.9.3.gemspec
I, [2014-02-19T20:42:42.820151 #24814]  INFO -- : 0:  rb-kqueue (0.2.0) from /Users/ebcomley/.rvm/gems/ruby-2.0.0-p353@ebcomley/specifications/rb-kqueue-0.2.0.gemspec
I, [2014-02-19T20:42:42.820426 #24814]  INFO -- : 0:  listen (1.3.1) from /Users/ebcomley/.rvm/gems/ruby-2.0.0-p353@ebcomley/specifications/listen-1.3.1.gemspec
I, [2014-02-19T20:42:42.820707 #24814]  INFO -- : 0:  maruku (0.7.0) from /Users/ebcomley/.rvm/gems/ruby-2.0.0-p353@ebcomley/specifications/maruku-0.7.0.gemspec
I, [2014-02-19T20:42:42.820989 #24814]  INFO -- : 0:  posix-spawn (0.3.8) from /Users/ebcomley/.rvm/gems/ruby-2.0.0-p353@ebcomley/specifications/posix-spawn-0.3.8.gemspec
I, [2014-02-19T20:42:42.821295 #24814]  INFO -- : 0:  yajl-ruby (1.1.0) from /Users/ebcomley/.rvm/gems/ruby-2.0.0-p353@ebcomley/specifications/yajl-ruby-1.1.0.gemspec
I, [2014-02-19T20:42:42.821585 #24814]  INFO -- : 0:  pygments.rb (0.5.4) from /Users/ebcomley/.rvm/gems/ruby-2.0.0-p353@ebcomley/specifications/pygments.rb-0.5.4.gemspec
I, [2014-02-19T20:42:42.821876 #24814]  INFO -- : 0:  redcarpet (2.3.0) from /Users/ebcomley/.rvm/gems/ruby-2.0.0-p353@ebcomley/specifications/redcarpet-2.3.0.gemspec
I, [2014-02-19T20:42:42.822148 #24814]  INFO -- : 0:  safe_yaml (0.9.7) from /Users/ebcomley/.rvm/gems/ruby-2.0.0-p353@ebcomley/specifications/safe_yaml-0.9.7.gemspec
I, [2014-02-19T20:42:42.822433 #24814]  INFO -- : 0:  parslet (1.5.0) from /Users/ebcomley/.rvm/gems/ruby-2.0.0-p353@ebcomley/specifications/parslet-1.5.0.gemspec
I, [2014-02-19T20:42:42.822715 #24814]  INFO -- : 0:  toml (0.1.0) from /Users/ebcomley/.rvm/gems/ruby-2.0.0-p353@ebcomley/specifications/toml-0.1.0.gemspec
I, [2014-02-19T20:42:42.823075 #24814]  INFO -- : 0:  jekyll (1.4.3) from /Users/ebcomley/.rvm/gems/ruby-2.0.0-p353@ebcomley/specifications/jekyll-1.4.3.gemspec
I, [2014-02-19T20:42:42.823334 #24814]  INFO -- : 0:  kramdown (1.3.1) from /Users/ebcomley/.rvm/gems/ruby-2.0.0-p353@ebcomley/specifications/kramdown-1.3.1.gemspec
I, [2014-02-19T20:42:42.823582 #24814]  INFO -- : 0:  rdiscount (2.1.7) from /Users/ebcomley/.rvm/gems/ruby-2.0.0-p353@ebcomley/specifications/rdiscount-2.1.7.gemspec
I, [2014-02-19T20:42:42.823812 #24814]  INFO -- : 0:  github-pages (15) from /Users/ebcomley/.rvm/gems/ruby-2.0.0-p353@ebcomley/specifications/github-pages-15.gemspec
I, [2014-02-19T20:42:42.824076 #24814]  INFO -- : 0:  bundler (1.5.1) from /Users/ebcomley/.rvm/gems/ruby-2.0.0-p353@global/specifications/bundler-1.5.1.gemspec
